<?xml version="1.0" encoding="UTF-8"?>
<testng-results ignored="1" total="9" passed="8" failed="0" skipped="0">
  <reporter-output>
  </reporter-output>
  <suite started-at="2022-09-28T10:38:57 IST" name="Suite" finished-at="2022-09-28T10:38:57 IST" duration-ms="370">
    <groups>
      <group name="Smoke">
        <method signature="HomeLoanApplicationTests.APIHomeLoan()[pri:0, instance:LoanApplications.HomeLoanApplicationTests@2dde1bff]" name="APIHomeLoan" class="LoanApplications.HomeLoanApplicationTests"/>
      </group> <!-- Smoke -->
    </groups>
    <test started-at="2022-09-28T10:38:57 IST" name="HomeLoanTests" finished-at="2022-09-28T10:38:57 IST" duration-ms="88">
      <class name="LoanApplications.HomeLoanApplicationTests">
        <test-method is-config="true" signature="setupTestData()[pri:0, instance:LoanApplications.HomeLoanApplicationTests@2dde1bff]" started-at="2022-09-28T10:38:57 IST" name="setupTestData" finished-at="2022-09-28T10:38:57 IST" duration-ms="1" status="PASS">
          <reporter-output>
          </reporter-output>
        </test-method> <!-- setupTestData -->
        <test-method is-config="true" signature="dosomething()[pri:0, instance:LoanApplications.HomeLoanApplicationTests@2dde1bff]" started-at="2022-09-28T10:38:57 IST" name="dosomething" finished-at="2022-09-28T10:38:57 IST" duration-ms="0" status="PASS">
          <reporter-output>
          </reporter-output>
        </test-method> <!-- dosomething -->
        <test-method signature="APIHomeLoan()[pri:0, instance:LoanApplications.HomeLoanApplicationTests@2dde1bff]" started-at="2022-09-28T10:38:57 IST" name="APIHomeLoan" finished-at="2022-09-28T10:38:57 IST" duration-ms="10" status="PASS">
          <reporter-output>
          </reporter-output>
        </test-method> <!-- APIHomeLoan -->
        <test-method is-config="true" signature="dosomething()[pri:0, instance:LoanApplications.HomeLoanApplicationTests@2dde1bff]" started-at="2022-09-28T10:38:57 IST" name="dosomething" finished-at="2022-09-28T10:38:57 IST" duration-ms="1" status="PASS">
          <reporter-output>
          </reporter-output>
        </test-method> <!-- dosomething -->
        <test-method signature="MobileHomeLoan()[pri:0, instance:LoanApplications.HomeLoanApplicationTests@2dde1bff]" started-at="2022-09-28T10:38:57 IST" name="MobileHomeLoan" finished-at="2022-09-28T10:38:57 IST" duration-ms="2" status="PASS">
          <reporter-output>
          </reporter-output>
        </test-method> <!-- MobileHomeLoan -->
        <test-method is-config="true" signature="dosomething()[pri:0, instance:LoanApplications.HomeLoanApplicationTests@2dde1bff]" started-at="2022-09-28T10:38:57 IST" name="dosomething" finished-at="2022-09-28T10:38:57 IST" duration-ms="1" status="PASS">
          <reporter-output>
          </reporter-output>
        </test-method> <!-- dosomething -->
        <test-method signature="WebHomeLoan()[pri:0, instance:LoanApplications.HomeLoanApplicationTests@2dde1bff]" started-at="2022-09-28T10:38:57 IST" name="WebHomeLoan" finished-at="2022-09-28T10:38:57 IST" duration-ms="2" status="PASS">
          <reporter-output>
          </reporter-output>
        </test-method> <!-- WebHomeLoan -->
        <test-method is-config="true" signature="cleanupTestData()[pri:0, instance:LoanApplications.HomeLoanApplicationTests@2dde1bff]" started-at="2022-09-28T10:38:57 IST" name="cleanupTestData" finished-at="2022-09-28T10:38:57 IST" duration-ms="0" status="PASS">
          <reporter-output>
          </reporter-output>
        </test-method> <!-- cleanupTestData -->
      </class> <!-- LoanApplications.HomeLoanApplicationTests -->
    </test> <!-- HomeLoanTests -->
    <test started-at="2022-09-28T10:38:57 IST" name="PersonalLoanTests" finished-at="2022-09-28T10:38:57 IST" duration-ms="46">
      <class name="LoanApplications.PersonalLoanApplicationTests">
        <test-method signature="PersonalLoanLoginAPI()[pri:0, instance:LoanApplications.PersonalLoanApplicationTests@383bfa16]" started-at="2022-09-28T10:38:57 IST" name="PersonalLoanLoginAPI" finished-at="2022-09-28T10:38:57 IST" duration-ms="1" status="PASS">
          <reporter-output>
          </reporter-output>
        </test-method> <!-- PersonalLoanLoginAPI -->
        <test-method signature="PersonalLoanLoginMobile()[pri:0, instance:LoanApplications.PersonalLoanApplicationTests@383bfa16]" started-at="2022-09-28T10:38:57 IST" name="PersonalLoanLoginMobile" finished-at="2022-09-28T10:38:57 IST" duration-ms="11" status="PASS">
          <reporter-output>
          </reporter-output>
        </test-method> <!-- PersonalLoanLoginMobile -->
        <test-method signature="PersonalLoanLoginWeb(java.lang.String)[pri:0, instance:LoanApplications.PersonalLoanApplicationTests@383bfa16]" started-at="2022-09-28T10:38:57 IST" name="PersonalLoanLoginWeb" finished-at="2022-09-28T10:38:57 IST" duration-ms="9" status="PASS">
          <params>
            <param index="0">
              <value>
                <![CDATA[xyz.com]]>
              </value>
            </param>
          </params>
          <reporter-output>
          </reporter-output>
        </test-method> <!-- PersonalLoanLoginWeb -->
      </class> <!-- LoanApplications.PersonalLoanApplicationTests -->
    </test> <!-- PersonalLoanTests -->
    <test started-at="2022-09-28T10:38:57 IST" name="CarLoanTests" finished-at="2022-09-28T10:38:57 IST" duration-ms="23">
      <class name="LoanApplications.HomeLoanApplicationTests">
        <test-method is-config="true" signature="startDatabase()[pri:0, instance:LoanApplications.HomeLoanApplicationTests@2dde1bff]" started-at="2022-09-28T10:38:57 IST" name="startDatabase" finished-at="2022-09-28T10:38:57 IST" duration-ms="12" status="PASS">
          <reporter-output>
          </reporter-output>
        </test-method> <!-- startDatabase -->
      </class> <!-- LoanApplications.HomeLoanApplicationTests -->
      <class name="LoanApplications.CarLoanApplicationTests">
        <test-method signature="CarLoanLoginWeb()[pri:0, instance:LoanApplications.CarLoanApplicationTests@56cdfb3b]" started-at="2022-09-28T10:38:57 IST" name="CarLoanLoginWeb" finished-at="2022-09-28T10:38:57 IST" duration-ms="8" status="PASS">
          <reporter-output>
          </reporter-output>
        </test-method> <!-- CarLoanLoginWeb -->
        <test-method signature="CarLoanLoginAPI()[pri:0, instance:LoanApplications.CarLoanApplicationTests@56cdfb3b]" started-at="2022-09-28T10:38:57 IST" name="CarLoanLoginAPI" finished-at="2022-09-28T10:38:57 IST" depends-on-methods="LoanApplications.CarLoanApplicationTests.CarLoanLoginWeb" duration-ms="2" status="PASS">
          <reporter-output>
          </reporter-output>
        </test-method> <!-- CarLoanLoginAPI -->
      </class> <!-- LoanApplications.CarLoanApplicationTests -->
    </test> <!-- CarLoanTests -->
  </suite> <!-- Suite -->
</testng-results>
