<?xml version="1.0" encoding="UTF-8"?>
<!-- Generated by org.testng.reporters.JUnitXMLReporter -->
<testsuite ignored="1" hostname="Nandhu" failures="0" tests="2" name="CarLoanTests" time="0.023" errors="0" timestamp="2022-09-28T10:38:57 IST">
  <testcase classname="LoanApplications.CarLoanApplicationTests" name="CarLoanLoginWeb" time="0.008"/>
  <testcase classname="LoanApplications.CarLoanApplicationTests" name="CarLoanLoginAPI" time="0.002"/>
  <testcase classname="LoanApplications.CarLoanApplicationTests" name="CarLoanLoginMobile" time="0.0">
    <ignored/>
  </testcase> <!-- CarLoanLoginMobile -->
</testsuite> <!-- CarLoanTests -->
