<?xml version="1.0" encoding="UTF-8"?>
<!-- Generated by org.testng.reporters.JUnitXMLReporter -->
<testsuite ignored="0" hostname="Nandhu" failures="0" tests="6" name="HomeLoanTests" time="0.149" errors="0" timestamp="2022-09-27T12:50:47 IST">
  <testcase classname="LoanApplications.HomeLoanApplicationTests" name="APIHomeLoan" time="0.01"/>
  <testcase classname="LoanApplications.HomeLoanApplicationTests" name="MobileHomeLoan" time="0.005"/>
  <testcase classname="LoanApplications.HomeLoanApplicationTests" name="WebHomeLoan" time="0.003"/>
  <testcase classname="LoanApplications.CarLoanApplicationTests" name="CarLoanLoginAPI" time="0.001"/>
  <testcase classname="LoanApplications.CarLoanApplicationTests" name="CarLoanLoginMobile" time="0.006"/>
  <testcase classname="LoanApplications.CarLoanApplicationTests" name="CarLoanLoginWeb" time="0.004"/>
</testsuite> <!-- HomeLoanTests -->
