<?xml version="1.0" encoding="UTF-8"?>
<!-- Generated by org.testng.reporters.JUnitXMLReporter -->
<testsuite ignored="0" hostname="Nandhu" failures="0" tests="3" name="HomeLoanTests" time="0.088" errors="0" timestamp="2022-09-28T10:38:57 IST">
  <testcase classname="LoanApplications.HomeLoanApplicationTests" name="APIHomeLoan" time="0.01"/>
  <testcase classname="LoanApplications.HomeLoanApplicationTests" name="MobileHomeLoan" time="0.002"/>
  <testcase classname="LoanApplications.HomeLoanApplicationTests" name="WebHomeLoan" time="0.002"/>
</testsuite> <!-- HomeLoanTests -->
