<?xml version="1.0" encoding="UTF-8"?>
<!-- Generated by org.testng.reporters.JUnitXMLReporter -->
<testsuite ignored="2" hostname="Nandhu" failures="0" tests="1" name="PersonalLoanTests" time="0.009" errors="0" timestamp="2022-09-27T12:23:53 IST">
  <testcase classname="LoanApplications.PersonalLoanApplicationTests" name="PersonalLoanLoginAPI" time="0.002"/>
  <testcase classname="LoanApplications.PersonalLoanApplicationTests" name="PersonalLoanLoginWeb" time="0.0">
    <ignored/>
  </testcase> <!-- PersonalLoanLoginWeb -->
  <testcase classname="LoanApplications.PersonalLoanApplicationTests" name="PersonalLoanLoginMobile" time="0.0">
    <ignored/>
  </testcase> <!-- PersonalLoanLoginMobile -->
</testsuite> <!-- PersonalLoanTests -->
