<?xml version="1.0" encoding="UTF-8"?>
<!-- Generated by org.testng.reporters.JUnitXMLReporter -->
<testsuite ignored="0" hostname="Nandhu" failures="0" tests="3" name="PersonalLoanTests" time="0.046" errors="0" timestamp="2022-09-28T10:38:57 IST">
  <testcase classname="LoanApplications.PersonalLoanApplicationTests" name="PersonalLoanLoginAPI" time="0.001"/>
  <testcase classname="LoanApplications.PersonalLoanApplicationTests" name="PersonalLoanLoginMobile" time="0.011"/>
  <testcase classname="LoanApplications.PersonalLoanApplicationTests" name="PersonalLoanLoginWeb" time="0.009"/>
</testsuite> <!-- PersonalLoanTests -->
