<?xml version="1.0" encoding="UTF-8"?>
<!-- Generated by org.testng.reporters.JUnitXMLReporter -->
<testsuite ignored="1" hostname="Nandhu" failures="0" tests="2" name="SmokeTests" time="0.113" errors="0" timestamp="2022-09-28T09:34:18 IST">
  <testcase classname="LoanApplications.CarLoanApplicationTests" name="CarLoanLoginWeb" time="0.019"/>
  <testcase classname="LoanApplications.CarLoanApplicationTests" name="CarLoanLoginAPI" time="0.009"/>
  <testcase classname="LoanApplications.CarLoanApplicationTests" name="CarLoanLoginMobile" time="0.0">
    <ignored/>
  </testcase> <!-- CarLoanLoginMobile -->
</testsuite> <!-- SmokeTests -->
