<?xml version="1.0" encoding="UTF-8"?>
<!-- Generated by org.testng.reporters.JUnitXMLReporter -->
<testsuite ignored="0" hostname="Nandhu" failures="0" tests="3" name="SmokeTests" time="0.127" errors="0" timestamp="2022-09-28T10:02:05 IST">
  <testcase classname="testpkg.ParamTest" name="applyForLoan" time="0.012"/>
  <testcase classname="testpkg.ParamTest" name="applyForLoan" time="0.005"/>
  <testcase classname="testpkg.ParamTest" name="applyForLoan" time="0.008"/>
</testsuite> <!-- SmokeTests -->
