<?xml version="1.0" encoding="UTF-8"?>
<!-- Generated by org.testng.reporters.JUnitXMLReporter -->
<testsuite ignored="0" hostname="Nandhu" failures="0" tests="3" name="Test" time="0.125" errors="0" timestamp="2022-09-27T11:59:01 IST">
  <testcase classname="LoanApplications.HomeLoanApplicationTests" name="HomeLoanLoginAPI" time="0.016"/>
  <testcase classname="LoanApplications.HomeLoanApplicationTests" name="HomeLoanLoginMobile" time="0.008"/>
  <testcase classname="LoanApplications.HomeLoanApplicationTests" name="HomeLoanLoginWeb" time="0.005"/>
</testsuite> <!-- Test -->
